<?xml version="1.0" encoding="UTF-8"?>
<!-- Generated by org.testng.reporters.JUnitReportReporter -->
<testsuite hostname="DESKTOP-BKE9C99" failures="0" tests="1" name="electronics.DWS_Electronics_002Test" time="7.358" errors="0" timestamp="2024-02-22T11:43:48 IST" skipped="0">
  <testcase classname="electronics.DWS_Electronics_002Test" name="clickElectronics" time="7.358"/>
  <system-out/>
</testsuite> <!-- electronics.DWS_Electronics_002Test -->
